Command: B2H reCsvEd.dcf  (HTMPEXT=htm HTMLEXT=htm LOG=Copy.log QUIET NOMAINTOC  TOCRET=NO FRAMETOCOPT='jsTree style=Win level_ident=16 width=240 img_size= expand=YES ' FrameTocSize='21%'  FrameTocHdColor=#FF0080 FrameTocCss=jsBlueBg FrameTocBody='bgcolor=#001F66'  )
|MsgNum Type---| |----- B2H R4.7 (390) ------------------------------|
|B2H105 Info:    Conversion started: 2012-04-28 21:26:47
|B2H160 Info:    Loading system symbol table "C:\Users\mum\Bruce\Work\Rexx\B2H\B2H.SYM" ...
|B2H160 Info:    Loading system profile "C:\Users\mum\Bruce\Work\Rexx\B2H\B2H.PRO" ...
|B2H100 Info:    CurrSys=WINNT, DestSys=WINNT, Input=C:\Users\mum\Bruce\Work\RecordEditor\Build\Instalation\reCsvEd\Docs\reCsvEd.dcf
|B2H101 Info:    PhysicalOut=reCsvEd.htm, LogicalOut=reCsvEd.htm
|B2H104 Info:    Beginning pass 1 of 2 (processing markup) ...
|B2H302 Info:    Reading file "C:\Users\mum\Bruce\Work\RecordEditor\Build\Instalation\reCsvEd\Docs\reCsvEd.dcf" ...
|B2H303 Info:    ..Imbedding 'iRE_TagDefs.dcf' ...
|B2H109 Info:    Setting symbol table entry using
|B2H109 Info:      .*B2H SYMBOL :tag. example IT=N VAT=N ATT=N SE=N V='<a href=xmple.htm>RecordEditor Examples</a>'
|B2H109 Info:      (in line 1 of iRE_TagDefs.dcf)
|B2H109 Info:    Setting symbol table entry using
|B2H109 Info:      .*B2H SYMBOL :tag. re2jasper IT=N VAT=N ATT=N SE=N V='<a href=re2Jasper.htm TARGET="jasper">RecordEditor ~ Jasper Interface</a>'
|B2H109 Info:      (in line 2 of iRE_TagDefs.dcf)
|B2H109 Info:    Setting symbol table entry using
|B2H109 Info:      .*B2H SYMBOL :tag. javadoc IT=N VAT=N ATT=N SE=N V='<a href="JavaDoc/index.html">RecordEditor JavaDoc's</a>'
|B2H109 Info:      (in line 3 of iRE_TagDefs.dcf)
|B2H109 Info:    Setting symbol table entry using
|B2H109 Info:      .*B2H SYMBOL :tag. RecordEditor IT=N VAT=N ATT=N SE=N V='<a href="http://record-editor.sourceforge.net" TARGET="_top">RecordEditor</a>'
|B2H109 Info:      (in line 4 of iRE_TagDefs.dcf)
|B2H109 Info:    Setting symbol table entry using
|B2H109 Info:      .*B2H SYMBOL :tag. iReports IT=N VAT=N ATT=N SE=N V='<a href="http://ireport.sourceforge.net/" TARGET="iReports">iReports</a>'
|B2H109 Info:      (in line 5 of iRE_TagDefs.dcf)
|B2H109 Info:    Setting symbol table entry using
|B2H109 Info:      .*B2H SYMBOL :tag. ffReports IT=N VAT=N ATT=N SE=N V='<a href="http://ffreports.sourceforge.net/" TARGET="ffReports">Flat File Reporting</a>'
|B2H109 Info:      (in line 6 of iRE_TagDefs.dcf)
|B2H109 Info:    Setting symbol table entry using
|B2H109 Info:      .*B2H SYMBOL :tag. Velocity IT=N VAT=N ATT=N SE=N V='<a href="http://velocity.apache.org/" TARGET="Velocity">Velocity</a>'
|B2H109 Info:      (in line 7 of iRE_TagDefs.dcf)
|B2H109 Info:    Setting symbol table entry using
|B2H109 Info:      .*B2H SYMBOL :tag. PropertiesEditor IT=N VAT=N ATT=N SE=N V='<font color="blue">Edit RecordEditor Startup Properties</font> program'
|B2H109 Info:      (in line 8 of iRE_TagDefs.dcf)
|B2H109 Info:    Setting symbol table entry using
|B2H109 Info:      .*B2H SYMBOL :tag. Blue IT=N VAT=N ATT=N SE=Y V='<font color="blue">'
|B2H109 Info:      (in line 10 of iRE_TagDefs.dcf)
|B2H109 Info:    Setting symbol table entry using
|B2H109 Info:      .*B2H SYMBOL :tag. EBlue IT=N VAT=N ATT=N SE=Y V='</font>'
|B2H109 Info:      (in line 11 of iRE_TagDefs.dcf)
|B2H109 Info:    Setting symbol table entry using
|B2H109 Info:      .*B2H SYMBOL :tag. Red IT=N VAT=N ATT=N SE=Y V='<font color="red">'
|B2H109 Info:      (in line 12 of iRE_TagDefs.dcf)
|B2H109 Info:    Setting symbol table entry using
|B2H109 Info:      .*B2H SYMBOL :tag. ERed IT=N VAT=N ATT=N SE=Y V='</font>'
|B2H109 Info:      (in line 13 of iRE_TagDefs.dcf)
|B2H109 Info:    Setting symbol table entry using
|B2H109 Info:      .*B2H SYMBOL :tag. BBlue IT=N VAT=N ATT=N SE=Y V='<font color="blue"><b>'
|B2H109 Info:      (in line 15 of iRE_TagDefs.dcf)
|B2H109 Info:    Setting symbol table entry using
|B2H109 Info:      .*B2H SYMBOL :tag. EBBlue IT=N VAT=N ATT=N SE=Y V='</b></font>'
|B2H109 Info:      (in line 16 of iRE_TagDefs.dcf)
|B2H109 Info:    Setting symbol table entry using
|B2H109 Info:      .*B2H SYMBOL :tag. yellow IT=N VAT=N ATT=N SE=Y V='<font color="yellow"><b>'
|B2H109 Info:      (in line 18 of iRE_TagDefs.dcf)
|B2H109 Info:    Setting symbol table entry using
|B2H109 Info:      .*B2H SYMBOL :tag. eyellow IT=N VAT=N ATT=N SE=Y V='</b></font>'
|B2H109 Info:      (in line 19 of iRE_TagDefs.dcf)
|B2H109 Info:    Setting symbol table entry using
|B2H109 Info:      .*B2H SYMBOL :tag. BRed IT=N VAT=N ATT=N SE=Y V='<font color="red"><b>'
|B2H109 Info:      (in line 21 of iRE_TagDefs.dcf)
|B2H109 Info:    Setting symbol table entry using
|B2H109 Info:      .*B2H SYMBOL :tag. EBRed IT=N VAT=N ATT=N SE=Y V='</b></font>'
|B2H109 Info:      (in line 22 of iRE_TagDefs.dcf)
|B2H109 Info:    Setting symbol table entry using
|B2H109 Info:      .*B2H SYMBOL :TAG. Pnl IT=N VAT=N ATT=Y SE=N V='<Table border="3" cellpadding="7" cellspacing="3"><tr><TD BGCOLOR="#000000"><FONT COLOR="#00ff00"><pre>'
|B2H109 Info:      (in line 24 of iRE_TagDefs.dcf)
|B2H109 Info:    Setting symbol table entry using
|B2H109 Info:      .*B2H SYMBOL :TAG. ePnl IT=N VAT=N ATT=Y SE=N V='</pre></font></td></tr></pre></table>'
|B2H109 Info:      (in line 25 of iRE_TagDefs.dcf)
|B2H109 Info:    Setting symbol table entry using
|B2H109 Info:      .*B2H SYMBOL :tag. reCsvEditor IT=N VAT=N ATT=N SE=N V='<b>reCsvEditor</b>'
|B2H109 Info:      (in line 27 of iRE_TagDefs.dcf)
|B2H109 Info:    Setting symbol table entry using
|B2H109 Info:      .*B2H SYMBOL :tag. AvroEditor IT=N VAT=N ATT=N SE=N V='<a href="http://avroeditor.sourceforge.net//" TARGET="_top">Avro Editor</a>'
|B2H109 Info:      (in line 28 of iRE_TagDefs.dcf)
|B2H109 Info:    Setting symbol table entry using
|B2H109 Info:      .*B2H SYMBOL :tag. ProtoEditor IT=N VAT=N ATT=N SE=N V='<a href="http://code.google.com/p/protobufeditor/" TARGET="_top">Protocol Buffers Editor</a>'
|B2H109 Info:      (in line 29 of iRE_TagDefs.dcf)
|B2H109 Info:    Setting symbol table entry using
|B2H109 Info:      .*B2H SYMBOL :tag. downloadPage IT=N VAT=N ATT=N SE=N V='<a href="https://sourceforge.net/projects/recsveditor/files/reCsvEditor/" >reCsvEditor Download page</a>'
|B2H109 Info:      (in line 30 of iRE_TagDefs.dcf)
|B2H109 Info:    Setting symbol table entry using
|B2H109 Info:      .*B2H SYMBOL :tag. forum IT=N VAT=N ATT=N SE=N V='<a href="https://sourceforge.net/p/recsveditor/discussion/" >reCsvEditor Forums</a>'
|B2H109 Info:      (in line 31 of iRE_TagDefs.dcf)
|B2H109 Info:    Setting symbol table entry using
|B2H109 Info:      .*B2H SYMBOL :tag. bug IT=N VAT=N ATT=N SE=N V='<a href="https://sourceforge.net/p/recsveditor/tickets/" >reCsvEditor Tickets</a>'
|B2H109 Info:      (in line 32 of iRE_TagDefs.dcf)
|B2H109 Info:    Setting symbol table entry using
|B2H109 Info:      .*B2H SYMBOL :tag. rlink IT=N VAT=N ATT=N SE=N V='.relink'
|B2H109 Info:      (in line 42 of iRE_TagDefs.dcf)
|B2H403 WARNING: ":GFORUM" not a valid BookMaster/GML tag
|B2H403 WARNING:   :gforum. or 
|B2H403 WARNING:   (in line 36 of C:\Users\mum\Bruce\Work\RecordEditor\Build\Instalation\reCsvEd\Docs\reCsvEd.dcf)
|B2H303 Info:    ..Imbedding 'reCsvEd01.dcf' ...
|B2H300 ERROR:   Imbedded file "iRe_re010_RecordTableOption.dcf" not found!
|B2H300 ERROR:     .im iRe_re010_RecordTableOption.dcf
|B2H300 ERROR:     (in line 68 of C:\Users\mum\Bruce\Work\RecordEditor\Build\Instalation\reCsvEd\Docs\reCsvEd.dcf)
|B2H455 WARNING: No tag-ending period found
|B2H455 WARNING:   :ol compact  :li.Via the :hp2.right click &gt;&gt;&gt; Csv Options:ehp2. menu you can do basic column actions (copy, move, add and delete).
|B2H455 WARNING:   (in line 78 of C:\Users\mum\Bruce\Work\RecordEditor\Build\Instalation\reCsvEd\Docs\reCsvEd.dcf)
|B2H310 Info:    Reading line 100 from C:\Users\mum\Bruce\Work\RecordEditor\Build\Instalation\reCsvEd\Docs\reCsvEd.dcf ...
|B2H303 Info:    ..Imbedding 'iHT_B000_BigFiles.dcf' ...
|B2H310 Info:    ..Reading line 100 from iHT_B000_BigFiles.dcf ...
|B2H304 Info:    179 lines read from C:\Users\mum\Bruce\Work\RecordEditor\Build\Instalation\reCsvEd\Docs\reCsvEd.dcf
|B2H306 Info:    415 lines written to B0078207.$86 
|B2H104 Info:    Beginning pass 2 of 2 (resolving cross-references) ...
|B2H310 Info:    Reading line 100 from B0078207.$86 ...
|B2H310 Info:    Reading line 200 from B0078207.$86 ...
|B2H440 ERROR:   Reference not found, following ignored:
|B2H440 ERROR:     :hdref refid=wizStartup. for more details
|B2H310 Info:    Reading line 300 from B0078207.$86 ...
|B2H310 Info:    Reading line 400 from B0078207.$86 ...
|B2H306 Info:    370 lines written to reCsvEd.htm (reCsvEd.htm) 
|B2H304 Info:    415 lines read from B0078207.$86
|B2H106 Info:    Conversion completed in 0.27 seconds
|B2H306 Info:    118 lines written to Copy.log 
|B2H107 Info:    Highest RC=8
