Command: B2H ProtoBufIntro.dcf (HTMPEXT=htm HTMLEXT=htm LOG=intro.log QUIET)
|MsgNum Type---| |----- B2H R4.7 (390) ------------------------------|
|B2H105 Info:    Conversion started: 2012-06-18 15:15:38
|B2H160 Info:    Loading system symbol table "C:\Users\mum\Bruce\Work\Rexx\B2H\B2H.SYM" ...
|B2H160 Info:    Loading system profile "C:\Users\mum\Bruce\Work\Rexx\B2H\B2H.PRO" ...
|B2H100 Info:    CurrSys=WINNT, DestSys=WINNT, Input=C:\Users\mum\Bruce\Work\RecordEditor\Build\Instalation\ProtoBuf\DocSrc\ProtoBufIntro.dcf
|B2H101 Info:    PhysicalOut=ProtoBufIntro.htm, LogicalOut=ProtoBufIntro.htm
|B2H104 Info:    Beginning pass 1 of 2 (processing markup) ...
|B2H302 Info:    Reading file "C:\Users\mum\Bruce\Work\RecordEditor\Build\Instalation\ProtoBuf\DocSrc\ProtoBufIntro.dcf" ...
|B2H108 Info:    Setting options using
|B2H108 Info:      .*b2h option headrec.text='<link rel="stylesheet" type="text/css" href="syntaxP.css">'
|B2H108 Info:      (in line 1 of C:\Users\mum\Bruce\Work\RecordEditor\Build\Instalation\ProtoBuf\DocSrc\ProtoBufIntro.dcf)
|B2H303 Info:    ..Imbedding 'iRE_TagDefs.dcf' ...
|B2H109 Info:    Setting symbol table entry using
|B2H109 Info:      .*B2H SYMBOL :tag. example IT=N VAT=N ATT=N SE=N V='<a href=xmple.htm>RecordEditor Examples</a>'
|B2H109 Info:      (in line 1 of iRE_TagDefs.dcf)
|B2H109 Info:    Setting symbol table entry using
|B2H109 Info:      .*B2H SYMBOL :tag. re2jasper IT=N VAT=N ATT=N SE=N V='<a href=re2Jasper.htm TARGET="jasper">RecordEditor ~ Jasper Interface</a>'
|B2H109 Info:      (in line 2 of iRE_TagDefs.dcf)
|B2H109 Info:    Setting symbol table entry using
|B2H109 Info:      .*B2H SYMBOL :tag. javadoc IT=N VAT=N ATT=N SE=N V='<a href="JavaDoc/index.html">RecordEditor JavaDoc's</a>'
|B2H109 Info:      (in line 3 of iRE_TagDefs.dcf)
|B2H109 Info:    Setting symbol table entry using
|B2H109 Info:      .*B2H SYMBOL :tag. RecordEditor IT=N VAT=N ATT=N SE=N V='<a href="http://record-editor.sourceforge.net" TARGET="_top">RecordEditor</a>'
|B2H109 Info:      (in line 4 of iRE_TagDefs.dcf)
|B2H109 Info:    Setting symbol table entry using
|B2H109 Info:      .*B2H SYMBOL :tag. iReports IT=N VAT=N ATT=N SE=N V='<a href="http://ireport.sourceforge.net/" TARGET="iReports">iReports</a>'
|B2H109 Info:      (in line 5 of iRE_TagDefs.dcf)
|B2H109 Info:    Setting symbol table entry using
|B2H109 Info:      .*B2H SYMBOL :tag. ffReports IT=N VAT=N ATT=N SE=N V='<a href="http://ffreports.sourceforge.net/" TARGET="ffReports">Flat File Reporting</a>'
|B2H109 Info:      (in line 6 of iRE_TagDefs.dcf)
|B2H109 Info:    Setting symbol table entry using
|B2H109 Info:      .*B2H SYMBOL :tag. Velocity IT=N VAT=N ATT=N SE=N V='<a href="http://velocity.apache.org/" TARGET="Velocity">Velocity</a>'
|B2H109 Info:      (in line 7 of iRE_TagDefs.dcf)
|B2H109 Info:    Setting symbol table entry using
|B2H109 Info:      .*B2H SYMBOL :tag. RecordEditMan IT=N VAT=N ATT=N SE=N V='<a href="gRecordEdit.htm">RecordEditor Manual<a>'
|B2H109 Info:      (in line 8 of iRE_TagDefs.dcf)
|B2H109 Info:    Setting symbol table entry using
|B2H109 Info:      .*B2H SYMBOL :tag. PropertiesEditor IT=N VAT=N ATT=N SE=N V='<font color="blue">Edit RecordEditor Startup Properties</font> program'
|B2H109 Info:      (in line 10 of iRE_TagDefs.dcf)
|B2H109 Info:    Setting symbol table entry using
|B2H109 Info:      .*B2H SYMBOL :tag. Blue IT=N VAT=N ATT=N SE=Y V='<font color="blue">'
|B2H109 Info:      (in line 14 of iRE_TagDefs.dcf)
|B2H109 Info:    Setting symbol table entry using
|B2H109 Info:      .*B2H SYMBOL :tag. EBlue IT=N VAT=N ATT=N SE=Y V='</font>'
|B2H109 Info:      (in line 15 of iRE_TagDefs.dcf)
|B2H109 Info:    Setting symbol table entry using
|B2H109 Info:      .*B2H SYMBOL :tag. Red IT=N VAT=N ATT=N SE=Y V='<font color="red">'
|B2H109 Info:      (in line 16 of iRE_TagDefs.dcf)
|B2H109 Info:    Setting symbol table entry using
|B2H109 Info:      .*B2H SYMBOL :tag. ERed IT=N VAT=N ATT=N SE=Y V='</font>'
|B2H109 Info:      (in line 17 of iRE_TagDefs.dcf)
|B2H109 Info:    Setting symbol table entry using
|B2H109 Info:      .*B2H SYMBOL :tag. BBlue IT=N VAT=N ATT=N SE=Y V='<font color="blue"><b>'
|B2H109 Info:      (in line 19 of iRE_TagDefs.dcf)
|B2H109 Info:    Setting symbol table entry using
|B2H109 Info:      .*B2H SYMBOL :tag. EBBlue IT=N VAT=N ATT=N SE=Y V='</b></font>'
|B2H109 Info:      (in line 20 of iRE_TagDefs.dcf)
|B2H109 Info:    Setting symbol table entry using
|B2H109 Info:      .*B2H SYMBOL :tag. yellow IT=N VAT=N ATT=N SE=Y V='<font color="yellow"><b>'
|B2H109 Info:      (in line 22 of iRE_TagDefs.dcf)
|B2H109 Info:    Setting symbol table entry using
|B2H109 Info:      .*B2H SYMBOL :tag. eyellow IT=N VAT=N ATT=N SE=Y V='</b></font>'
|B2H109 Info:      (in line 23 of iRE_TagDefs.dcf)
|B2H109 Info:    Setting symbol table entry using
|B2H109 Info:      .*B2H SYMBOL :tag. BRed IT=N VAT=N ATT=N SE=Y V='<font color="red"><b>'
|B2H109 Info:      (in line 25 of iRE_TagDefs.dcf)
|B2H109 Info:    Setting symbol table entry using
|B2H109 Info:      .*B2H SYMBOL :tag. EBRed IT=N VAT=N ATT=N SE=Y V='</b></font>'
|B2H109 Info:      (in line 26 of iRE_TagDefs.dcf)
|B2H109 Info:    Setting symbol table entry using
|B2H109 Info:      .*B2H SYMBOL :TAG. Pnl IT=N VAT=N ATT=Y SE=N V='<Table border="3" cellpadding="7" cellspacing="3"><tr><TD BGCOLOR="#000000"><FONT COLOR="#00ff00"><pre>'
|B2H109 Info:      (in line 28 of iRE_TagDefs.dcf)
|B2H109 Info:    Setting symbol table entry using
|B2H109 Info:      .*B2H SYMBOL :TAG. ePnl IT=N VAT=N ATT=Y SE=N V='</pre></font></td></tr></pre></table>'
|B2H109 Info:      (in line 29 of iRE_TagDefs.dcf)
|B2H109 Info:    Setting symbol table entry using
|B2H109 Info:      .*B2H SYMBOL :tag. rlink IT=N VAT=N ATT=N SE=N V='.relink'
|B2H109 Info:      (in line 39 of iRE_TagDefs.dcf)
|B2H310 Info:    Reading line 100 from C:\Users\mum\Bruce\Work\RecordEditor\Build\Instalation\ProtoBuf\DocSrc\ProtoBufIntro.dcf ...
|B2H455 WARNING: No tag-ending period found
|B2H455 WARNING:   :eul :esl.
|B2H455 WARNING:   (in line 178 of C:\Users\mum\Bruce\Work\RecordEditor\Build\Instalation\ProtoBuf\DocSrc\ProtoBufIntro.dcf)
|B2H310 Info:    Reading line 200 from C:\Users\mum\Bruce\Work\RecordEditor\Build\Instalation\ProtoBuf\DocSrc\ProtoBufIntro.dcf ...
|B2H310 Info:    Reading line 300 from C:\Users\mum\Bruce\Work\RecordEditor\Build\Instalation\ProtoBuf\DocSrc\ProtoBufIntro.dcf ...
|B2H304 Info:    330 lines read from C:\Users\mum\Bruce\Work\RecordEditor\Build\Instalation\ProtoBuf\DocSrc\ProtoBufIntro.dcf
|B2H306 Info:    373 lines written to B0058938.$15 
|B2H104 Info:    Beginning pass 2 of 2 (resolving cross-references) ...
|B2H310 Info:    Reading line 100 from B0058938.$15 ...
|B2H310 Info:    Reading line 200 from B0058938.$15 ...
|B2H310 Info:    Reading line 300 from B0058938.$15 ...
|B2H306 Info:    374 lines written to ProtoBufIntro.htm (ProtoBufIntro.htm) 
|B2H304 Info:    373 lines read from B0058938.$15
|B2H106 Info:    Conversion completed in 0.47 seconds
|B2H306 Info:    96 lines written to intro.log 
|B2H107 Info:    Highest RC=4
