Command: B2H regMan.dcf  (HTMPEXT=htm HTMLEXT=htm NOMAINTOC  TOCRET=NO LOG=mang.log QUIET SHOWHTML FRAMEPOS FRAMETOCOPT='jsTree style=Win level_ident=16 width=240 img_size= expand=YES ' FrameTocSize='21%'  FrameTocHdColor=#FF0080 FrameTocCss=jsBlueBg FrameTocBody='bgcolor=#001F66')
|MsgNum Type---| |----- B2H R4.7 (390) ------------------------------|
|B2H105 Info:    Conversion started: 2010-05-11 19:58:37
|B2H160 Info:    Loading system symbol table "/home/bm/Work/Rexx/B2H/B2H.SYM" ...
|B2H160 Info:    Loading system profile "/home/bm/Work/Rexx/B2H/B2H.PRO" ...
|B2H100 Info:    CurrSys=LINUX, DestSys=LINUX, Input=/home/bm/Work/RecordEditor/Instalation/GeneralDB/DocSrc/regMan.dcf
|B2H101 Info:    PhysicalOut=regMan.htm, LogicalOut=regMan.htm
|B2H104 Info:    Beginning pass 1 of 2 (processing markup) ...
|B2H302 Info:    Reading file "/home/bm/Work/RecordEditor/Instalation/GeneralDB/DocSrc/regMan.dcf" ...
|B2H303 Info:    ..Imbedding 'iRE_TagDefs.dcf' ...
|B2H109 Info:    Setting symbol table entry using
|B2H109 Info:      .*B2H SYMBOL :tag. example IT=N VAT=N ATT=N SE=N V='<a href=xmple.htm>RecordEditor Examples</a>'
|B2H109 Info:      (in line 1 of iRE_TagDefs.dcf)
|B2H109 Info:    Setting symbol table entry using
|B2H109 Info:      .*B2H SYMBOL :tag. re2jasper IT=N VAT=N ATT=N SE=N V='<a href=re2Jasper.htm TARGET="jasper">RecordEditor ~ Jasper Interface</a>'
|B2H109 Info:      (in line 2 of iRE_TagDefs.dcf)
|B2H109 Info:    Setting symbol table entry using
|B2H109 Info:      .*B2H SYMBOL :tag. javadoc IT=N VAT=N ATT=N SE=N V='<a href="JavaDoc/index.html">RecordEditor JavaDoc's</a>'
|B2H109 Info:      (in line 3 of iRE_TagDefs.dcf)
|B2H109 Info:    Setting symbol table entry using
|B2H109 Info:      .*B2H SYMBOL :tag. RecordEditor IT=N VAT=N ATT=N SE=N V='<a href="http://record-editor.sourceforge.net" TARGET="_top">RecordEditor</a>'
|B2H109 Info:      (in line 4 of iRE_TagDefs.dcf)
|B2H109 Info:    Setting symbol table entry using
|B2H109 Info:      .*B2H SYMBOL :tag. iReports IT=N VAT=N ATT=N SE=N V='<a href="http://ireport.sourceforge.net/" TARGET="iReports">iReports</a>'
|B2H109 Info:      (in line 5 of iRE_TagDefs.dcf)
|B2H109 Info:    Setting symbol table entry using
|B2H109 Info:      .*B2H SYMBOL :tag. ffReports IT=N VAT=N ATT=N SE=N V='<a href="http://ffreports.sourceforge.net/" TARGET="ffReports">Flat File Reporting</a>'
|B2H109 Info:      (in line 6 of iRE_TagDefs.dcf)
|B2H109 Info:    Setting symbol table entry using
|B2H109 Info:      .*B2H SYMBOL :tag. Velocity IT=N VAT=N ATT=N SE=N V='<a href="http://velocity.apache.org/" TARGET="Velocity">Velocity</a>'
|B2H109 Info:      (in line 7 of iRE_TagDefs.dcf)
|B2H109 Info:    Setting symbol table entry using
|B2H109 Info:      .*B2H SYMBOL :tag. PropertiesEditor IT=N VAT=N ATT=N SE=N V='<font color="blue">Edit RecordEditor Startup Properties</font> program'
|B2H109 Info:      (in line 8 of iRE_TagDefs.dcf)
|B2H109 Info:    Setting symbol table entry using
|B2H109 Info:      .*B2H SYMBOL :tag. Blue IT=N VAT=N ATT=N SE=Y V='<font color="blue">'
|B2H109 Info:      (in line 10 of iRE_TagDefs.dcf)
|B2H109 Info:    Setting symbol table entry using
|B2H109 Info:      .*B2H SYMBOL :tag. EBlue IT=N VAT=N ATT=N SE=Y V='</font>'
|B2H109 Info:      (in line 11 of iRE_TagDefs.dcf)
|B2H109 Info:    Setting symbol table entry using
|B2H109 Info:      .*B2H SYMBOL :tag. Red IT=N VAT=N ATT=N SE=Y V='<font color="red">'
|B2H109 Info:      (in line 12 of iRE_TagDefs.dcf)
|B2H109 Info:    Setting symbol table entry using
|B2H109 Info:      .*B2H SYMBOL :tag. ERed IT=N VAT=N ATT=N SE=Y V='</font>'
|B2H109 Info:      (in line 13 of iRE_TagDefs.dcf)
|B2H109 Info:    Setting symbol table entry using
|B2H109 Info:      .*B2H SYMBOL :tag. BBlue IT=N VAT=N ATT=N SE=Y V='<font color="blue"><b>'
|B2H109 Info:      (in line 15 of iRE_TagDefs.dcf)
|B2H109 Info:    Setting symbol table entry using
|B2H109 Info:      .*B2H SYMBOL :tag. EBBlue IT=N VAT=N ATT=N SE=Y V='</b></font>'
|B2H109 Info:      (in line 16 of iRE_TagDefs.dcf)
|B2H109 Info:    Setting symbol table entry using
|B2H109 Info:      .*B2H SYMBOL :tag. yellow IT=N VAT=N ATT=N SE=Y V='<font color="yellow"><b>'
|B2H109 Info:      (in line 18 of iRE_TagDefs.dcf)
|B2H109 Info:    Setting symbol table entry using
|B2H109 Info:      .*B2H SYMBOL :tag. eyellow IT=N VAT=N ATT=N SE=Y V='</b></font>'
|B2H109 Info:      (in line 19 of iRE_TagDefs.dcf)
|B2H109 Info:    Setting symbol table entry using
|B2H109 Info:      .*B2H SYMBOL :tag. BRed IT=N VAT=N ATT=N SE=Y V='<font color="red"><b>'
|B2H109 Info:      (in line 21 of iRE_TagDefs.dcf)
|B2H109 Info:    Setting symbol table entry using
|B2H109 Info:      .*B2H SYMBOL :tag. EBRed IT=N VAT=N ATT=N SE=Y V='</b></font>'
|B2H109 Info:      (in line 22 of iRE_TagDefs.dcf)
|B2H109 Info:    Setting symbol table entry using
|B2H109 Info:      .*B2H SYMBOL :TAG. Pnl IT=N VAT=N ATT=Y SE=N V='<Table border="3" cellpadding="7" cellspacing="3"><tr><TD BGCOLOR="#000000"><FONT COLOR="#00ff00"><pre>'
|B2H109 Info:      (in line 24 of iRE_TagDefs.dcf)
|B2H109 Info:    Setting symbol table entry using
|B2H109 Info:      .*B2H SYMBOL :TAG. ePnl IT=N VAT=N ATT=Y SE=N V='</pre></font></td></tr></pre></table>'
|B2H109 Info:      (in line 25 of iRE_TagDefs.dcf)
|B2H109 Info:    Setting symbol table entry using
|B2H109 Info:      .*B2H SYMBOL :tag. rlink IT=N VAT=N ATT=N SE=N V='.relink'
|B2H109 Info:      (in line 35 of iRE_TagDefs.dcf)
|B2H303 Info:    ..Imbedding 'iRE_Intro.dcf' ...
|B2H303 Info:    ..Imbedding 'iRE_Properties.dcf' ...
|B2H303 Info:    ..Imbedding 'iRE_starting.dcf' ...
|B2H303 Info:    ....Imbedding 'iRE_re005_RecordEditMain.dcf' ...
|B2H303 Info:    ..Imbedding 'iRE_SuppliedFiles.dcf' ...
|B2H303 Info:    ..Imbedding 'iRE_re000_Files.dcf' ...
|B2H303 Info:    ....Imbedding 'iRE_BinFile.dcf' ...
|B2H303 Info:    ....Imbedding 'iRe_re010_RecordTableOption.dcf' ...
|B2H303 Info:    ....Imbedding 'iRE_TextFile.dcf' ...
|B2H303 Info:    ....Imbedding 'iRE_re015_SingleRecord.dcf' ...
|B2H303 Info:    ......Imbedding 'iRE_BinFileRecord.dcf' ...
|B2H303 Info:    ....Imbedding 'iRE_re016_CSV.dcf' ...
|B2H303 Info:    ....Imbedding 'iRE_re017_Popup.dcf' ...
|B2H303 Info:    ....Imbedding 'iRe_re020_Search.dcf' ...
|B2H303 Info:    ....Imbedding 'iRe_re025_Filter.dcf' ...
|B2H303 Info:    ....Imbedding 'iRE_re030_SaveAs.dcf' ...
|B2H303 Info:    ....Imbedding 'iRE_re032_Sort.dcf' ...
|B2H303 Info:    ....Imbedding 'iRE_re041_ViewMenu.dcf' ...
|B2H303 Info:    ....Imbedding 'iRE_re042_Field.dcf' ...
|B2H303 Info:    ....Imbedding 'iRE_re043_SortTrees.dcf' ...
|B2H303 Info:    ....Imbedding 'iRE_re044_RecordTrees.dcf' ...
|B2H303 Info:    ....Imbedding 'iRE_re045_TreeView.dcf' ...
|B2H303 Info:    ....Imbedding 'iRE_re046_ColumnView.dcf' ...
|B2H303 Info:    ..Imbedding 'iRE_le1000_RecordLayout.dcf' ...
|B2H303 Info:    ....Imbedding 'iRE_le1100_LayoutDefinition.dcf' ...
|B2H303 Info:    ......Imbedding 'iRe_le1200_layoutPnl.dcf' ...
|B2H303 Info:    ........Imbedding 'iRE_RecordTypes.dcf' ...
|B2H310 Info:    ....Reading line 100 from iRE_le1100_LayoutDefinition.dcf ...
|B2H303 Info:    ....Imbedding 'iRe_le1200_layoutPnl.dcf' ...
|B2H303 Info:    ......Imbedding 'iRE_RecordTypes.dcf' ...
|B2H310 Info:    ..Reading line 100 from iRE_le1000_RecordLayout.dcf ...
|B2H303 Info:    ....Imbedding 'iRe_le1300_LayoutWizard.dcf' ...
|B2H310 Info:    ....Reading line 100 from iRe_le1300_LayoutWizard.dcf ...
|B2H310 Info:    ....Reading line 200 from iRe_le1300_LayoutWizard.dcf ...
|B2H303 Info:    ....Imbedding 'iRe_le1500_ComboEdit.dcf' ...
|B2H310 Info:    ..Reading line 200 from iRE_le1000_RecordLayout.dcf ...
|B2H310 Info:    ..Reading line 300 from iRE_le1000_RecordLayout.dcf ...
|B2H310 Info:    ..Reading line 400 from iRE_le1000_RecordLayout.dcf ...
|B2H303 Info:    ..Imbedding 'iRE_le2000_BinFileDefinition.dcf' ...
|B2H310 Info:    ..Reading line 100 from iRE_le2000_BinFileDefinition.dcf ...
|B2H310 Info:    ..Reading line 200 from iRE_le2000_BinFileDefinition.dcf ...
|B2H415 WARNING: ":TABLE" already in effect from line 254 of iRE_le2000_BinFileDefinition.dcf
|B2H415 WARNING:   :table cols='* 4*'.
|B2H415 WARNING:   (in line 260 of iRE_le2000_BinFileDefinition.dcf)
|B2H303 Info:    ..Imbedding 'iRE_le3000_DelimitedFiles.dcf' ...
|B2H303 Info:    ..Imbedding 'iRE_HelpSystem.dcf' ...
|B2H303 Info:    ..Imbedding 'iRE_FieldTypes.dcf' ...
|B2H303 Info:    ..Imbedding 'iRE_RecordDetails.dcf' ...
|B2H303 Info:    ..Imbedding 'iRE_ODBC.dcf' ...
|B2H303 Info:    ..Imbedding 'iRE_FAQ.dcf' ...
|B2H303 Info:    ..Imbedding 'iRE_Reporting.dcf' ...
|B2H303 Info:    ..Imbedding 'iRE_Hints.dcf' ...
|B2H303 Info:    ....Imbedding 'iRE_Hints1.dcf' ...
|B2H303 Info:    ..Imbedding 'iRE_HSQLdetails.dcf' ...
|B2H109 Info:    Setting symbol table entry using
|B2H109 Info:      .*B2H SYMBOL :tag. Blue IT=N VAT=N ATT=N SE=Y V='<font color="blue">'
|B2H109 Info:      (in line 1 of iRE_HSQLdetails.dcf)
|B2H109 Info:    Setting symbol table entry using
|B2H109 Info:      .*B2H SYMBOL :tag. EBlue IT=N VAT=N ATT=N SE=Y V='</font>'
|B2H109 Info:      (in line 2 of iRE_HSQLdetails.dcf)
|B2H310 Info:    Reading line 100 from /home/bm/Work/RecordEditor/Instalation/GeneralDB/DocSrc/regMan.dcf ...
|B2H303 Info:    ..Imbedding 'iRE_Linux.dcf' ...
|B2H303 Info:    ..Imbedding 'iRE_Ap_WindowsRightClick.dcf' ...
|B2H303 Info:    ..Imbedding 'iRE_VersionHistory.dcf' ...
|B2H310 Info:    ..Reading line 100 from iRE_VersionHistory.dcf ...
|B2H303 Info:    ..Imbedding 'iRE_Rexx.dcf' ...
|B2H303 Info:    ..Imbedding 'iRE_Related.dcf' ...
|B2H303 Info:    ..Imbedding 'iRE_Related2.dcf' ...
|B2H304 Info:    114 lines read from /home/bm/Work/RecordEditor/Instalation/GeneralDB/DocSrc/regMan.dcf
|B2H306 Info:    3388 lines written to B0073507.temp1198 
|B2H104 Info:    Beginning pass 2 of 2 (resolving cross-references) ...
|B2H310 Info:    Reading line 100 from B0073507.temp1198 ...
|B2H310 Info:    Reading line 200 from B0073507.temp1198 ...
|B2H310 Info:    Reading line 300 from B0073507.temp1198 ...
|B2H310 Info:    Reading line 400 from B0073507.temp1198 ...
|B2H310 Info:    Reading line 500 from B0073507.temp1198 ...
|B2H310 Info:    Reading line 600 from B0073507.temp1198 ...
|B2H310 Info:    Reading line 700 from B0073507.temp1198 ...
|B2H310 Info:    Reading line 800 from B0073507.temp1198 ...
|B2H310 Info:    Reading line 900 from B0073507.temp1198 ...
|B2H310 Info:    Reading line 1000 from B0073507.temp1198 ...
|B2H310 Info:    Reading line 1100 from B0073507.temp1198 ...
|B2H310 Info:    Reading line 1200 from B0073507.temp1198 ...
|B2H310 Info:    Reading line 1300 from B0073507.temp1198 ...
|B2H310 Info:    Reading line 1400 from B0073507.temp1198 ...
|B2H310 Info:    Reading line 1500 from B0073507.temp1198 ...
|B2H310 Info:    Reading line 1600 from B0073507.temp1198 ...
|B2H310 Info:    Reading line 1700 from B0073507.temp1198 ...
|B2H310 Info:    Reading line 1800 from B0073507.temp1198 ...
|B2H310 Info:    Reading line 1900 from B0073507.temp1198 ...
|B2H310 Info:    Reading line 2000 from B0073507.temp1198 ...
|B2H310 Info:    Reading line 2100 from B0073507.temp1198 ...
|B2H310 Info:    Reading line 2200 from B0073507.temp1198 ...
|B2H310 Info:    Reading line 2300 from B0073507.temp1198 ...
|B2H310 Info:    Reading line 2400 from B0073507.temp1198 ...
|B2H310 Info:    Reading line 2500 from B0073507.temp1198 ...
|B2H310 Info:    Reading line 2600 from B0073507.temp1198 ...
|B2H310 Info:    Reading line 2700 from B0073507.temp1198 ...
|B2H310 Info:    Reading line 2800 from B0073507.temp1198 ...
|B2H310 Info:    Reading line 2900 from B0073507.temp1198 ...
|B2H310 Info:    Reading line 3000 from B0073507.temp1198 ...
|B2H310 Info:    Reading line 3100 from B0073507.temp1198 ...
|B2H310 Info:    Reading line 3200 from B0073507.temp1198 ...
|B2H310 Info:    Reading line 3300 from B0073507.temp1198 ...
|B2H306 Info:    3110 lines written to regMan.htm (regMan.htm) 
|B2H304 Info:    3388 lines read from B0073507.temp1198
|B2H106 Info:    Conversion completed in 1.15 seconds
|B2H306 Info:    182 lines written to mang.log 
|B2H107 Info:    Highest RC=4
