Command: B2H RecordEditIntro.dcf (HTMPEXT=htm LOG=RecordEditIntro.log QUIET)
|MsgNum Type---| |----- B2H R4.7 (390) ------------------------------|
|B2H105 Info:    Conversion started: 2010-05-11 19:58:35
|B2H160 Info:    Loading system symbol table "/home/bm/Work/Rexx/B2H/B2H.SYM" ...
|B2H160 Info:    Loading system profile "/home/bm/Work/Rexx/B2H/B2H.PRO" ...
|B2H100 Info:    CurrSys=LINUX, DestSys=LINUX, Input=/home/bm/Work/RecordEditor/Instalation/GeneralDB/DocSrc/RecordEditIntro.dcf
|B2H101 Info:    PhysicalOut=RecordEditIntro.htm, LogicalOut=RecordEditIntro.html
|B2H104 Info:    Beginning pass 1 of 2 (processing markup) ...
|B2H302 Info:    Reading file "/home/bm/Work/RecordEditor/Instalation/GeneralDB/DocSrc/RecordEditIntro.dcf" ...
|B2H109 Info:    Setting symbol table entry using
|B2H109 Info:      .*B2H SYMBOL :TAG. Pnl IT=N VAT=N ATT=Y SE=N V='<Table border="3" cellpadding="7" cellspacing="3"><tr><TD BGCOLOR="#000000"><FONT COLOR="#00ff00"><pre>'
|B2H109 Info:      (in line 5 of /home/bm/Work/RecordEditor/Instalation/GeneralDB/DocSrc/RecordEditIntro.dcf)
|B2H109 Info:    Setting symbol table entry using
|B2H109 Info:      .*B2H SYMBOL :TAG. ePnl IT=N VAT=N ATT=Y SE=N V='</pre></font></td></tr></pre></table>'
|B2H109 Info:      (in line 6 of /home/bm/Work/RecordEditor/Instalation/GeneralDB/DocSrc/RecordEditIntro.dcf)
|B2H109 Info:    Setting symbol table entry using
|B2H109 Info:      .*B2H SYMBOL :TAG. Yellow IT=N VAT=N ATT=Y SE=N V='<FONT COLOR=Yellow>'
|B2H109 Info:      (in line 8 of /home/bm/Work/RecordEditor/Instalation/GeneralDB/DocSrc/RecordEditIntro.dcf)
|B2H109 Info:    Setting symbol table entry using
|B2H109 Info:      .*B2H SYMBOL :TAG. EYellow IT=N VAT=N ATT=Y SE=N V='</FONT>'
|B2H109 Info:      (in line 9 of /home/bm/Work/RecordEditor/Instalation/GeneralDB/DocSrc/RecordEditIntro.dcf)
|B2H109 Info:    Setting symbol table entry using
|B2H109 Info:      .*B2H SYMBOL :TAG. Cyan IT=N VAT=N ATT=Y SE=N V='<FONT COLOR=Cyan>'
|B2H109 Info:      (in line 10 of /home/bm/Work/RecordEditor/Instalation/GeneralDB/DocSrc/RecordEditIntro.dcf)
|B2H109 Info:    Setting symbol table entry using
|B2H109 Info:      .*B2H SYMBOL :TAG. ECyan IT=N VAT=N ATT=Y SE=N V='</FONT>'
|B2H109 Info:      (in line 11 of /home/bm/Work/RecordEditor/Instalation/GeneralDB/DocSrc/RecordEditIntro.dcf)
|B2H109 Info:    Setting symbol table entry using
|B2H109 Info:      .*B2H SYMBOL :TAG. DCyan IT=N VAT=N ATT=Y SE=N V='<FONT COLOR="#33CCCC">'
|B2H109 Info:      (in line 12 of /home/bm/Work/RecordEditor/Instalation/GeneralDB/DocSrc/RecordEditIntro.dcf)
|B2H109 Info:    Setting symbol table entry using
|B2H109 Info:      .*B2H SYMBOL :TAG. EDCyan IT=N VAT=N ATT=Y SE=N V='</FONT>'
|B2H109 Info:      (in line 13 of /home/bm/Work/RecordEditor/Instalation/GeneralDB/DocSrc/RecordEditIntro.dcf)
|B2H109 Info:    Setting symbol table entry using
|B2H109 Info:      .*B2H SYMBOL :TAG. Red IT=N VAT=N ATT=Y SE=N V='<FONT COLOR=Red>'
|B2H109 Info:      (in line 14 of /home/bm/Work/RecordEditor/Instalation/GeneralDB/DocSrc/RecordEditIntro.dcf)
|B2H109 Info:    Setting symbol table entry using
|B2H109 Info:      .*B2H SYMBOL :TAG. ERed IT=N VAT=N ATT=Y SE=N V='</FONT>'
|B2H109 Info:      (in line 15 of /home/bm/Work/RecordEditor/Instalation/GeneralDB/DocSrc/RecordEditIntro.dcf)
|B2H109 Info:    Setting symbol table entry using
|B2H109 Info:      .*B2H SYMBOL :TAG. White IT=N VAT=N ATT=Y SE=N V='<FONT COLOR=White>'
|B2H109 Info:      (in line 17 of /home/bm/Work/RecordEditor/Instalation/GeneralDB/DocSrc/RecordEditIntro.dcf)
|B2H109 Info:    Setting symbol table entry using
|B2H109 Info:      .*B2H SYMBOL :TAG. EWhite IT=N VAT=N ATT=Y SE=N V='</FONT>'
|B2H109 Info:      (in line 18 of /home/bm/Work/RecordEditor/Instalation/GeneralDB/DocSrc/RecordEditIntro.dcf)
|B2H109 Info:    Setting symbol table entry using
|B2H109 Info:      .*B2H SYMBOL :TAG. Green IT=N VAT=N ATT=Y SE=N V='<FONT COLOR=#00ff00>'
|B2H109 Info:      (in line 21 of /home/bm/Work/RecordEditor/Instalation/GeneralDB/DocSrc/RecordEditIntro.dcf)
|B2H109 Info:    Setting symbol table entry using
|B2H109 Info:      .*B2H SYMBOL :TAG. EGreen IT=N VAT=N ATT=Y SE=N V='</FONT>'
|B2H109 Info:      (in line 22 of /home/bm/Work/RecordEditor/Instalation/GeneralDB/DocSrc/RecordEditIntro.dcf)
|B2H303 Info:    ..Imbedding 'iRE_TagDefs.dcf' ...
|B2H109 Info:    Setting symbol table entry using
|B2H109 Info:      .*B2H SYMBOL :tag. example IT=N VAT=N ATT=N SE=N V='<a href=xmple.htm>RecordEditor Examples</a>'
|B2H109 Info:      (in line 1 of iRE_TagDefs.dcf)
|B2H109 Info:    Setting symbol table entry using
|B2H109 Info:      .*B2H SYMBOL :tag. re2jasper IT=N VAT=N ATT=N SE=N V='<a href=re2Jasper.htm TARGET="jasper">RecordEditor ~ Jasper Interface</a>'
|B2H109 Info:      (in line 2 of iRE_TagDefs.dcf)
|B2H109 Info:    Setting symbol table entry using
|B2H109 Info:      .*B2H SYMBOL :tag. javadoc IT=N VAT=N ATT=N SE=N V='<a href="JavaDoc/index.html">RecordEditor JavaDoc's</a>'
|B2H109 Info:      (in line 3 of iRE_TagDefs.dcf)
|B2H109 Info:    Setting symbol table entry using
|B2H109 Info:      .*B2H SYMBOL :tag. RecordEditor IT=N VAT=N ATT=N SE=N V='<a href="http://record-editor.sourceforge.net" TARGET="_top">RecordEditor</a>'
|B2H109 Info:      (in line 4 of iRE_TagDefs.dcf)
|B2H109 Info:    Setting symbol table entry using
|B2H109 Info:      .*B2H SYMBOL :tag. iReports IT=N VAT=N ATT=N SE=N V='<a href="http://ireport.sourceforge.net/" TARGET="iReports">iReports</a>'
|B2H109 Info:      (in line 5 of iRE_TagDefs.dcf)
|B2H109 Info:    Setting symbol table entry using
|B2H109 Info:      .*B2H SYMBOL :tag. ffReports IT=N VAT=N ATT=N SE=N V='<a href="http://ffreports.sourceforge.net/" TARGET="ffReports">Flat File Reporting</a>'
|B2H109 Info:      (in line 6 of iRE_TagDefs.dcf)
|B2H109 Info:    Setting symbol table entry using
|B2H109 Info:      .*B2H SYMBOL :tag. Velocity IT=N VAT=N ATT=N SE=N V='<a href="http://velocity.apache.org/" TARGET="Velocity">Velocity</a>'
|B2H109 Info:      (in line 7 of iRE_TagDefs.dcf)
|B2H109 Info:    Setting symbol table entry using
|B2H109 Info:      .*B2H SYMBOL :tag. PropertiesEditor IT=N VAT=N ATT=N SE=N V='<font color="blue">Edit RecordEditor Startup Properties</font> program'
|B2H109 Info:      (in line 8 of iRE_TagDefs.dcf)
|B2H109 Info:    Setting symbol table entry using
|B2H109 Info:      .*B2H SYMBOL :tag. Blue IT=N VAT=N ATT=N SE=Y V='<font color="blue">'
|B2H109 Info:      (in line 10 of iRE_TagDefs.dcf)
|B2H109 Info:    Setting symbol table entry using
|B2H109 Info:      .*B2H SYMBOL :tag. EBlue IT=N VAT=N ATT=N SE=Y V='</font>'
|B2H109 Info:      (in line 11 of iRE_TagDefs.dcf)
|B2H109 Info:    Setting symbol table entry using
|B2H109 Info:      .*B2H SYMBOL :tag. Red IT=N VAT=N ATT=N SE=Y V='<font color="red">'
|B2H109 Info:      (in line 12 of iRE_TagDefs.dcf)
|B2H109 Info:    Setting symbol table entry using
|B2H109 Info:      .*B2H SYMBOL :tag. ERed IT=N VAT=N ATT=N SE=Y V='</font>'
|B2H109 Info:      (in line 13 of iRE_TagDefs.dcf)
|B2H109 Info:    Setting symbol table entry using
|B2H109 Info:      .*B2H SYMBOL :tag. BBlue IT=N VAT=N ATT=N SE=Y V='<font color="blue"><b>'
|B2H109 Info:      (in line 15 of iRE_TagDefs.dcf)
|B2H109 Info:    Setting symbol table entry using
|B2H109 Info:      .*B2H SYMBOL :tag. EBBlue IT=N VAT=N ATT=N SE=Y V='</b></font>'
|B2H109 Info:      (in line 16 of iRE_TagDefs.dcf)
|B2H109 Info:    Setting symbol table entry using
|B2H109 Info:      .*B2H SYMBOL :tag. yellow IT=N VAT=N ATT=N SE=Y V='<font color="yellow"><b>'
|B2H109 Info:      (in line 18 of iRE_TagDefs.dcf)
|B2H109 Info:    Setting symbol table entry using
|B2H109 Info:      .*B2H SYMBOL :tag. eyellow IT=N VAT=N ATT=N SE=Y V='</b></font>'
|B2H109 Info:      (in line 19 of iRE_TagDefs.dcf)
|B2H109 Info:    Setting symbol table entry using
|B2H109 Info:      .*B2H SYMBOL :tag. BRed IT=N VAT=N ATT=N SE=Y V='<font color="red"><b>'
|B2H109 Info:      (in line 21 of iRE_TagDefs.dcf)
|B2H109 Info:    Setting symbol table entry using
|B2H109 Info:      .*B2H SYMBOL :tag. EBRed IT=N VAT=N ATT=N SE=Y V='</b></font>'
|B2H109 Info:      (in line 22 of iRE_TagDefs.dcf)
|B2H109 Info:    Setting symbol table entry using
|B2H109 Info:      .*B2H SYMBOL :TAG. Pnl IT=N VAT=N ATT=Y SE=N V='<Table border="3" cellpadding="7" cellspacing="3"><tr><TD BGCOLOR="#000000"><FONT COLOR="#00ff00"><pre>'
|B2H109 Info:      (in line 24 of iRE_TagDefs.dcf)
|B2H109 Info:    Setting symbol table entry using
|B2H109 Info:      .*B2H SYMBOL :TAG. ePnl IT=N VAT=N ATT=Y SE=N V='</pre></font></td></tr></pre></table>'
|B2H109 Info:      (in line 25 of iRE_TagDefs.dcf)
|B2H109 Info:    Setting symbol table entry using
|B2H109 Info:      .*B2H SYMBOL :tag. rlink IT=N VAT=N ATT=N SE=N V='.relink'
|B2H109 Info:      (in line 35 of iRE_TagDefs.dcf)
|B2H303 Info:    ..Imbedding 'iRE_Intro.dcf' ...
|B2H303 Info:    ..Imbedding 'iRE_Features.dcf' ...
|B2H303 Info:    ..Imbedding 'iRE_BinFileRecord.dcf' ...
|B2H303 Info:    ..Imbedding 'iRE_Web_MainframeScreens.dcf' ...
|B2H455 WARNING: No tag-ending period found
|B2H455 WARNING:   :table cols='* * 3*'  :thd refid=xlight.:c.Format:c.Cobol Picture:c.Description
|B2H455 WARNING:   (in line 7 of iRE_Web_MainframeScreens.dcf)
|B2H303 Info:    ..Imbedding 'iRE_TextFile.dcf' ...
|B2H303 Info:    ..Imbedding 'iRE_Versions.dcf' ...
|B2H415 WARNING: ":THD" already in effect from line 7 of iRE_Web_MainframeScreens.dcf
|B2H415 WARNING:   :thd refid=xlight.
|B2H415 WARNING:   (in line 20 of iRE_Versions.dcf)
|B2H415 WARNING: ":THD" already in effect from line 7 of iRE_Web_MainframeScreens.dcf
|B2H415 WARNING:   :thd refid=xlight.
|B2H415 WARNING:   (in line 48 of iRE_Versions.dcf)
|B2H303 Info:    ..Imbedding 'iRE_Linux.dcf' ...
|B2H310 Info:    Reading line 100 from /home/bm/Work/RecordEditor/Instalation/GeneralDB/DocSrc/RecordEditIntro.dcf ...
|B2H303 Info:    ..Imbedding 'iRe_re025_Filter.dcf' ...
|B2H303 Info:    ..Imbedding 'iRE_Hints1.dcf' ...
|B2H303 Info:    ..Imbedding 'iRE_VersionHistory.dcf' ...
|B2H310 Info:    ..Reading line 100 from iRE_VersionHistory.dcf ...
|B2H303 Info:    ..Imbedding 'iRE_Related.dcf' ...
|B2H304 Info:    142 lines read from /home/bm/Work/RecordEditor/Instalation/GeneralDB/DocSrc/RecordEditIntro.dcf
|B2H306 Info:    876 lines written to B0073527.temp1198 
|B2H104 Info:    Beginning pass 2 of 2 (resolving cross-references) ...
|B2H310 Info:    Reading line 100 from B0073527.temp1198 ...
|B2H310 Info:    Reading line 200 from B0073527.temp1198 ...
|B2H310 Info:    Reading line 300 from B0073527.temp1198 ...
|B2H310 Info:    Reading line 400 from B0073527.temp1198 ...
|B2H310 Info:    Reading line 500 from B0073527.temp1198 ...
|B2H440 ERROR:   Reference not found, following ignored:
|B2H440 ERROR:     :hdref refid=ViewMenu. for more details.
|B2H440 ERROR:   Reference not found, following ignored:
|B2H440 ERROR:     :hdref refid=SaveAs.).
|B2H310 Info:    Reading line 600 from B0073527.temp1198 ...
|B2H310 Info:    Reading line 700 from B0073527.temp1198 ...
|B2H310 Info:    Reading line 800 from B0073527.temp1198 ...
|B2H306 Info:    827 lines written to RecordEditIntro.htm (RecordEditIntro.html) 
|B2H304 Info:    876 lines read from B0073527.temp1198
|B2H411 WARNING: :THD (in line 7 of iRE_Web_MainframeScreens.dcf) never ended!
|B2H106 Info:    Conversion completed in 0.35 seconds
|B2H306 Info:    158 lines written to RecordEditIntro.log 
|B2H107 Info:    Highest RC=8
